<?xml version="1.0" encoding="UTF-8"?>
<coverage generated="1667953844330" clover="3.2.0">
  <project timestamp="1667953844330" name="All files">
    <metrics statements="38" coveredstatements="34" conditionals="2" coveredconditionals="2" methods="8" coveredmethods="7" elements="48" coveredelements="43" complexity="0" loc="38" ncloc="38" packages="2" files="3" classes="3"/>
    <package name="Topicos Aula 20221103 - tpk2022-azure-back-feat-tests">
      <metrics statements="30" coveredstatements="26" conditionals="2" coveredconditionals="2" methods="5" coveredmethods="4"/>
      <file name="app.js" path="C:\Users\tiagu\VisualStudioProjects\Topicos Aula 20221103 - tpk2022-azure-back-feat-tests\app.js">
        <metrics statements="27" coveredstatements="23" conditionals="2" coveredconditionals="2" methods="4" coveredmethods="3"/>
        <line num="1" count="1" type="stmt"/>
        <line num="2" count="1" type="stmt"/>
        <line num="3" count="1" type="stmt"/>
        <line num="5" count="1" type="stmt"/>
        <line num="8" count="1" type="stmt"/>
        <line num="9" count="1" type="stmt"/>
        <line num="11" count="1" type="stmt"/>
        <line num="12" count="1" type="stmt"/>
        <line num="14" count="1" type="stmt"/>
        <line num="15" count="2" type="stmt"/>
        <line num="16" count="2" type="stmt"/>
        <line num="22" count="2" type="stmt"/>
        <line num="23" count="2" type="cond" truecount="2" falsecount="0"/>
        <line num="24" count="1" type="stmt"/>
        <line num="26" count="1" type="stmt"/>
        <line num="29" count="1" type="stmt"/>
        <line num="30" count="1" type="stmt"/>
        <line num="34" count="1" type="stmt"/>
        <line num="35" count="1" type="stmt"/>
        <line num="36" count="1" type="stmt"/>
        <line num="37" count="1" type="stmt"/>
        <line num="40" count="1" type="stmt"/>
        <line num="41" count="0" type="stmt"/>
        <line num="42" count="0" type="stmt"/>
        <line num="43" count="0" type="stmt"/>
        <line num="44" count="0" type="stmt"/>
        <line num="47" count="1" type="stmt"/>
      </file>
      <file name="sum.js" path="C:\Users\tiagu\VisualStudioProjects\Topicos Aula 20221103 - tpk2022-azure-back-feat-tests\sum.js">
        <metrics statements="3" coveredstatements="3" conditionals="0" coveredconditionals="0" methods="1" coveredmethods="1"/>
        <line num="1" count="1" type="stmt"/>
        <line num="2" count="2" type="stmt"/>
        <line num="6" count="1" type="stmt"/>
      </file>
    </package>
    <package name="Topicos Aula 20221103 - tpk2022-azure-back-feat-tests.database">
      <metrics statements="8" coveredstatements="8" conditionals="0" coveredconditionals="0" methods="3" coveredmethods="3"/>
      <file name="database.local.js" path="C:\Users\tiagu\VisualStudioProjects\Topicos Aula 20221103 - tpk2022-azure-back-feat-tests\database\database.local.js">
        <metrics statements="8" coveredstatements="8" conditionals="0" coveredconditionals="0" methods="3" coveredmethods="3"/>
        <line num="3" count="2" type="stmt"/>
        <line num="4" count="2" type="stmt"/>
        <line num="7" count="1" type="stmt"/>
        <line num="8" count="1" type="stmt"/>
        <line num="9" count="1" type="stmt"/>
        <line num="13" count="2" type="stmt"/>
        <line num="17" count="1" type="stmt"/>
        <line num="20" count="2" type="stmt"/>
      </file>
    </package>
  </project>
</coverage>
