TN:
SF:app.js
FN:11,(anonymous_0)
FN:14,(anonymous_1)
FN:34,(anonymous_2)
FN:40,(anonymous_3)
FNF:4
FNH:2
FNDA:1,(anonymous_0)
FNDA:2,(anonymous_1)
FNDA:0,(anonymous_2)
FNDA:0,(anonymous_3)
DA:1,1
DA:2,1
DA:3,1
DA:5,1
DA:8,1
DA:9,1
DA:11,1
DA:12,1
DA:14,1
DA:15,2
DA:16,2
DA:22,2
DA:23,2
DA:24,1
DA:26,1
DA:29,1
DA:30,1
DA:34,1
DA:35,0
DA:36,0
DA:37,0
DA:40,1
DA:41,0
DA:42,0
DA:43,0
DA:44,0
DA:47,1
LF:27
LH:20
BRDA:23,0,0,1
BRDA:23,0,1,1
BRF:2
BRH:2
end_of_record
TN:
SF:sum.js
FN:1,(anonymous_0)
FNF:1
FNH:1
FNDA:2,(anonymous_0)
DA:1,1
DA:2,2
DA:6,1
LF:3
LH:3
BRF:0
BRH:0
end_of_record
TN:
SF:database\database.local.js
FN:6,gravarDados
FN:12,buscaTodosDados
FN:16,buscaDados
FNF:3
FNH:0
FNDA:0,gravarDados
FNDA:0,buscaTodosDados
FNDA:0,buscaDados
DA:3,1
DA:4,1
DA:7,0
DA:8,0
DA:9,0
DA:13,0
DA:17,0
DA:20,1
LF:8
LH:3
BRF:0
BRH:0
end_of_record
